<?xml version="1.0" encoding="UTF-8"?>
<!-- Generated by org.testng.reporters.JUnitReportReporter -->
<testsuite skipped="0" hostname="DESKTOP-CR1QQAJ" name="TestClass.LoginWithValidCreds" tests="4" failures="0" timestamp="2021-10-14T01:45:48 IST" time="39.174" errors="0">
  <testcase name="EnterUserName" time="1.664" classname="TestClass.LoginWithValidCreds"/>
  <system-out/>
  <testcase name="ClickonProject" time="22.322" classname="TestClass.LoginWithValidCreds"/>
  <system-out/>
  <testcase name="ClickOnCreateIssue" time="0.555" classname="TestClass.LoginWithValidCreds"/>
  <system-out/>
  <testcase name="PerformOnCreateIssue" time="14.633" classname="TestClass.LoginWithValidCreds"/>
  <system-out/>
</testsuite> <!-- TestClass.LoginWithValidCreds -->
